2016-03-29T22:58:23+00:00 ERR (3): Warning: include(Redis.php): failed to open stream: No such file or directory  in /chroot/home/valuetes/valuetesters.com/html/lib/Varien/Autoload.php on line 93
2016-03-29T22:58:23+00:00 ERR (3): Warning: include(Redis.php): failed to open stream: No such file or directory  in /chroot/home/valuetes/valuetesters.com/html/lib/Varien/Autoload.php on line 93
2016-03-29T22:58:23+00:00 ERR (3): Warning: include(): Failed opening 'Redis.php' for inclusion (include_path='/chroot/home/valuetes/valuetesters.com/html/app/code/local:/chroot/home/valuetes/valuetesters.com/html/app/code/community:/chroot/home/valuetes/valuetesters.com/html/app/code/core:/chroot/home/valuetes/valuetesters.com/html/lib:.:/usr/share/pear:/usr/share/php')  in /chroot/home/valuetes/valuetesters.com/html/lib/Varien/Autoload.php on line 93
2016-03-29T22:58:23+00:00 ERR (3): Warning: include(Redis.php): failed to open stream: No such file or directory  in /chroot/home/valuetes/valuetesters.com/html/lib/Varien/Autoload.php on line 93
2016-03-29T22:58:23+00:00 ERR (3): Warning: include(Redis.php): failed to open stream: No such file or directory  in /chroot/home/valuetes/valuetesters.com/html/lib/Varien/Autoload.php on line 93
2016-03-29T22:58:23+00:00 ERR (3): Warning: include(): Failed opening 'Redis.php' for inclusion (include_path='/chroot/home/valuetes/valuetesters.com/html/app/code/local:/chroot/home/valuetes/valuetesters.com/html/app/code/community:/chroot/home/valuetes/valuetesters.com/html/app/code/core:/chroot/home/valuetes/valuetesters.com/html/lib:.:/usr/share/pear:/usr/share/php')  in /chroot/home/valuetes/valuetesters.com/html/lib/Varien/Autoload.php on line 93
2016-03-29T22:58:23+00:00 ERR (3): Warning: include(Redis.php): failed to open stream: No such file or directory  in /chroot/home/valuetes/valuetesters.com/html/lib/Varien/Autoload.php on line 93
2016-03-29T22:58:23+00:00 ERR (3): Warning: include(Redis.php): failed to open stream: No such file or directory  in /chroot/home/valuetes/valuetesters.com/html/lib/Varien/Autoload.php on line 93
2016-03-29T22:58:23+00:00 ERR (3): Warning: include(): Failed opening 'Redis.php' for inclusion (include_path='/chroot/home/valuetes/valuetesters.com/html/app/code/local:/chroot/home/valuetes/valuetesters.com/html/app/code/community:/chroot/home/valuetes/valuetesters.com/html/app/code/core:/chroot/home/valuetes/valuetesters.com/html/lib:.:/usr/share/pear:/usr/share/php')  in /chroot/home/valuetes/valuetesters.com/html/lib/Varien/Autoload.php on line 93
2016-03-29T22:58:24+00:00 ERR (3): Warning: include(Redis.php): failed to open stream: No such file or directory  in /chroot/home/valuetes/valuetesters.com/html/lib/Varien/Autoload.php on line 93
2016-03-29T22:58:24+00:00 ERR (3): Warning: include(Redis.php): failed to open stream: No such file or directory  in /chroot/home/valuetes/valuetesters.com/html/lib/Varien/Autoload.php on line 93
2016-03-29T22:58:24+00:00 ERR (3): Warning: include(): Failed opening 'Redis.php' for inclusion (include_path='/chroot/home/valuetes/valuetesters.com/html/app/code/local:/chroot/home/valuetes/valuetesters.com/html/app/code/community:/chroot/home/valuetes/valuetesters.com/html/app/code/core:/chroot/home/valuetes/valuetesters.com/html/lib:.:/usr/share/pear:/usr/share/php')  in /chroot/home/valuetes/valuetesters.com/html/lib/Varien/Autoload.php on line 93
2016-03-29T22:58:25+00:00 CRIT (2): Not valid template file:frontend/base/default/template/seo/breadcrumbs.phtml
2016-03-29T22:58:25+00:00 ERR (3): Warning: include(Redis.php): failed to open stream: No such file or directory  in /chroot/home/valuetes/valuetesters.com/html/lib/Varien/Autoload.php on line 93
2016-03-29T22:58:25+00:00 ERR (3): Warning: include(Redis.php): failed to open stream: No such file or directory  in /chroot/home/valuetes/valuetesters.com/html/lib/Varien/Autoload.php on line 93
2016-03-29T22:58:25+00:00 ERR (3): Warning: include(): Failed opening 'Redis.php' for inclusion (include_path='/chroot/home/valuetes/valuetesters.com/html/app/code/local:/chroot/home/valuetes/valuetesters.com/html/app/code/community:/chroot/home/valuetes/valuetesters.com/html/app/code/core:/chroot/home/valuetes/valuetesters.com/html/lib:.:/usr/share/pear:/usr/share/php')  in /chroot/home/valuetes/valuetesters.com/html/lib/Varien/Autoload.php on line 93
2016-03-29T22:58:26+00:00 ERR (3): Strict Notice: Declaration of Uni_Fileuploader_Block_Adminhtml_Fileuploader_Edit_Tab_Productfile::getRowUrl() should be compatible with that of Mage_Adminhtml_Block_Widget_Grid::getRowUrl()  in /chroot/home/valuetes/valuetesters.com/html/app/code/community/Uni/Fileuploader/Block/Adminhtml/Fileuploader/Edit/Tab/Productfile.php on line 9
2016-03-29T22:58:26+00:00 ERR (3): Warning: include(Redis.php): failed to open stream: No such file or directory  in /chroot/home/valuetes/valuetesters.com/html/lib/Varien/Autoload.php on line 93
2016-03-29T22:58:26+00:00 ERR (3): Warning: include(Redis.php): failed to open stream: No such file or directory  in /chroot/home/valuetes/valuetesters.com/html/lib/Varien/Autoload.php on line 93
2016-03-29T22:58:26+00:00 ERR (3): Warning: include(): Failed opening 'Redis.php' for inclusion (include_path='/chroot/home/valuetes/valuetesters.com/html/app/code/local:/chroot/home/valuetes/valuetesters.com/html/app/code/community:/chroot/home/valuetes/valuetesters.com/html/app/code/core:/chroot/home/valuetes/valuetesters.com/html/lib:.:/usr/share/pear:/usr/share/php')  in /chroot/home/valuetes/valuetesters.com/html/lib/Varien/Autoload.php on line 93
2016-03-29T22:58:26+00:00 ERR (3): Warning: include(Redis.php): failed to open stream: No such file or directory  in /chroot/home/valuetes/valuetesters.com/html/lib/Varien/Autoload.php on line 93
2016-03-29T22:58:26+00:00 ERR (3): Warning: include(Redis.php): failed to open stream: No such file or directory  in /chroot/home/valuetes/valuetesters.com/html/lib/Varien/Autoload.php on line 93
2016-03-29T22:58:26+00:00 ERR (3): Warning: include(): Failed opening 'Redis.php' for inclusion (include_path='/chroot/home/valuetes/valuetesters.com/html/app/code/local:/chroot/home/valuetes/valuetesters.com/html/app/code/community:/chroot/home/valuetes/valuetesters.com/html/app/code/core:/chroot/home/valuetes/valuetesters.com/html/lib:.:/usr/share/pear:/usr/share/php')  in /chroot/home/valuetes/valuetesters.com/html/lib/Varien/Autoload.php on line 93
2016-03-29T22:58:27+00:00 ERR (3): Warning: include(Redis.php): failed to open stream: No such file or directory  in /chroot/home/valuetes/valuetesters.com/html/lib/Varien/Autoload.php on line 93
2016-03-29T22:58:27+00:00 ERR (3): Warning: include(Redis.php): failed to open stream: No such file or directory  in /chroot/home/valuetes/valuetesters.com/html/lib/Varien/Autoload.php on line 93
2016-03-29T22:58:27+00:00 ERR (3): Warning: include(): Failed opening 'Redis.php' for inclusion (include_path='/chroot/home/valuetes/valuetesters.com/html/app/code/local:/chroot/home/valuetes/valuetesters.com/html/app/code/community:/chroot/home/valuetes/valuetesters.com/html/app/code/core:/chroot/home/valuetes/valuetesters.com/html/lib:.:/usr/share/pear:/usr/share/php')  in /chroot/home/valuetes/valuetesters.com/html/lib/Varien/Autoload.php on line 93
2016-03-29T22:58:27+00:00 ERR (3): Warning: include(Redis.php): failed to open stream: No such file or directory  in /chroot/home/valuetes/valuetesters.com/html/lib/Varien/Autoload.php on line 93
2016-03-29T22:58:27+00:00 ERR (3): Warning: include(Redis.php): failed to open stream: No such file or directory  in /chroot/home/valuetes/valuetesters.com/html/lib/Varien/Autoload.php on line 93
2016-03-29T22:58:27+00:00 ERR (3): Warning: include(): Failed opening 'Redis.php' for inclusion (include_path='/chroot/home/valuetes/valuetesters.com/html/app/code/local:/chroot/home/valuetes/valuetesters.com/html/app/code/community:/chroot/home/valuetes/valuetesters.com/html/app/code/core:/chroot/home/valuetes/valuetesters.com/html/lib:.:/usr/share/pear:/usr/share/php')  in /chroot/home/valuetes/valuetesters.com/html/lib/Varien/Autoload.php on line 93
2016-03-29T22:58:27+00:00 CRIT (2): Not valid template file:frontend/base/default/template/seo/breadcrumbs.phtml
2016-03-29T22:58:27+00:00 ERR (3): Warning: Invalid argument supplied for foreach()  in /chroot/home/valuetes/valuetesters.com/html/app/code/community/Anaraky/Gdrt/Block/Script.php on line 145
2016-03-29T22:58:27+00:00 ERR (3): Warning: Invalid argument supplied for foreach()  in /chroot/home/valuetes/valuetesters.com/html/app/code/community/Anaraky/Gdrt/Block/Script.php on line 170
2016-03-29T22:58:27+00:00 CRIT (2): Not valid template file:frontend/base/default/template/seo/breadcrumbs.phtml
2016-03-29T22:58:27+00:00 CRIT (2): Not valid template file:frontend/base/default/template/seo/breadcrumbs.phtml
2016-03-29T22:58:28+00:00 ERR (3): Warning: include(Redis.php): failed to open stream: No such file or directory  in /chroot/home/valuetes/valuetesters.com/html/lib/Varien/Autoload.php on line 93
2016-03-29T22:58:28+00:00 ERR (3): Warning: include(Redis.php): failed to open stream: No such file or directory  in /chroot/home/valuetes/valuetesters.com/html/lib/Varien/Autoload.php on line 93
2016-03-29T22:58:28+00:00 ERR (3): Warning: include(): Failed opening 'Redis.php' for inclusion (include_path='/chroot/home/valuetes/valuetesters.com/html/app/code/local:/chroot/home/valuetes/valuetesters.com/html/app/code/community:/chroot/home/valuetes/valuetesters.com/html/app/code/core:/chroot/home/valuetes/valuetesters.com/html/lib:.:/usr/share/pear:/usr/share/php')  in /chroot/home/valuetes/valuetesters.com/html/lib/Varien/Autoload.php on line 93
2016-03-29T22:58:28+00:00 CRIT (2): Not valid template file:frontend/base/default/template/seo/breadcrumbs.phtml
2016-03-29T22:58:29+00:00 ERR (3): Warning: include(Redis.php): failed to open stream: No such file or directory  in /chroot/home/valuetes/valuetesters.com/html/lib/Varien/Autoload.php on line 93
2016-03-29T22:58:29+00:00 ERR (3): Warning: include(Redis.php): failed to open stream: No such file or directory  in /chroot/home/valuetes/valuetesters.com/html/lib/Varien/Autoload.php on line 93
2016-03-29T22:58:29+00:00 ERR (3): Warning: include(): Failed opening 'Redis.php' for inclusion (include_path='/chroot/home/valuetes/valuetesters.com/html/app/code/local:/chroot/home/valuetes/valuetesters.com/html/app/code/community:/chroot/home/valuetes/valuetesters.com/html/app/code/core:/chroot/home/valuetes/valuetesters.com/html/lib:.:/usr/share/pear:/usr/share/php')  in /chroot/home/valuetes/valuetesters.com/html/lib/Varien/Autoload.php on line 93
2016-03-29T22:58:29+00:00 ERR (3): Warning: Invalid argument supplied for foreach()  in /chroot/home/valuetes/valuetesters.com/html/app/code/community/Anaraky/Gdrt/Block/Script.php on line 145
2016-03-29T22:58:29+00:00 ERR (3): Warning: Invalid argument supplied for foreach()  in /chroot/home/valuetes/valuetesters.com/html/app/code/community/Anaraky/Gdrt/Block/Script.php on line 170
2016-03-29T22:58:29+00:00 ERR (3): Warning: include(Redis.php): failed to open stream: No such file or directory  in /chroot/home/valuetes/valuetesters.com/html/lib/Varien/Autoload.php on line 93
2016-03-29T22:58:29+00:00 ERR (3): Warning: include(Redis.php): failed to open stream: No such file or directory  in /chroot/home/valuetes/valuetesters.com/html/lib/Varien/Autoload.php on line 93
2016-03-29T22:58:29+00:00 ERR (3): Warning: include(): Failed opening 'Redis.php' for inclusion (include_path='/chroot/home/valuetes/valuetesters.com/html/app/code/local:/chroot/home/valuetes/valuetesters.com/html/app/code/community:/chroot/home/valuetes/valuetesters.com/html/app/code/core:/chroot/home/valuetes/valuetesters.com/html/lib:.:/usr/share/pear:/usr/share/php')  in /chroot/home/valuetes/valuetesters.com/html/lib/Varien/Autoload.php on line 93
2016-03-29T22:58:30+00:00 CRIT (2): Not valid template file:frontend/base/default/template/seo/breadcrumbs.phtml
2016-03-29T22:58:31+00:00 ERR (3): Warning: include(Redis.php): failed to open stream: No such file or directory  in /chroot/home/valuetes/valuetesters.com/html/lib/Varien/Autoload.php on line 93
2016-03-29T22:58:31+00:00 ERR (3): Warning: include(Redis.php): failed to open stream: No such file or directory  in /chroot/home/valuetes/valuetesters.com/html/lib/Varien/Autoload.php on line 93
2016-03-29T22:58:31+00:00 ERR (3): Warning: include(): Failed opening 'Redis.php' for inclusion (include_path='/chroot/home/valuetes/valuetesters.com/html/app/code/local:/chroot/home/valuetes/valuetesters.com/html/app/code/community:/chroot/home/valuetes/valuetesters.com/html/app/code/core:/chroot/home/valuetes/valuetesters.com/html/lib:.:/usr/share/pear:/usr/share/php')  in /chroot/home/valuetes/valuetesters.com/html/lib/Varien/Autoload.php on line 93
2016-03-29T22:58:31+00:00 ERR (3): Warning: include(Redis.php): failed to open stream: No such file or directory  in /chroot/home/valuetes/valuetesters.com/html/lib/Varien/Autoload.php on line 93
2016-03-29T22:58:31+00:00 ERR (3): Warning: include(Redis.php): failed to open stream: No such file or directory  in /chroot/home/valuetes/valuetesters.com/html/lib/Varien/Autoload.php on line 93
2016-03-29T22:58:31+00:00 ERR (3): Warning: include(): Failed opening 'Redis.php' for inclusion (include_path='/chroot/home/valuetes/valuetesters.com/html/app/code/local:/chroot/home/valuetes/valuetesters.com/html/app/code/community:/chroot/home/valuetes/valuetesters.com/html/app/code/core:/chroot/home/valuetes/valuetesters.com/html/lib:.:/usr/share/pear:/usr/share/php')  in /chroot/home/valuetes/valuetesters.com/html/lib/Varien/Autoload.php on line 93
2016-03-29T22:58:32+00:00 CRIT (2): Not valid template file:frontend/base/default/template/seo/breadcrumbs.phtml
2016-03-29T22:58:32+00:00 ERR (3): Warning: include(Redis.php): failed to open stream: No such file or directory  in /chroot/home/valuetes/valuetesters.com/html/lib/Varien/Autoload.php on line 93
2016-03-29T22:58:32+00:00 ERR (3): Warning: include(Redis.php): failed to open stream: No such file or directory  in /chroot/home/valuetes/valuetesters.com/html/lib/Varien/Autoload.php on line 93
2016-03-29T22:58:32+00:00 ERR (3): Warning: include(Redis.php): failed to open stream: No such file or directory  in /chroot/home/valuetes/valuetesters.com/html/lib/Varien/Autoload.php on line 93
2016-03-29T22:58:32+00:00 ERR (3): Warning: include(Redis.php): failed to open stream: No such file or directory  in /chroot/home/valuetes/valuetesters.com/html/lib/Varien/Autoload.php on line 93
2016-03-29T22:58:32+00:00 ERR (3): Warning: include(): Failed opening 'Redis.php' for inclusion (include_path='/chroot/home/valuetes/valuetesters.com/html/app/code/local:/chroot/home/valuetes/valuetesters.com/html/app/code/community:/chroot/home/valuetes/valuetesters.com/html/app/code/core:/chroot/home/valuetes/valuetesters.com/html/lib:.:/usr/share/pear:/usr/share/php')  in /chroot/home/valuetes/valuetesters.com/html/lib/Varien/Autoload.php on line 93
2016-03-29T22:58:32+00:00 ERR (3): Warning: include(): Failed opening 'Redis.php' for inclusion (include_path='/chroot/home/valuetes/valuetesters.com/html/app/code/local:/chroot/home/valuetes/valuetesters.com/html/app/code/community:/chroot/home/valuetes/valuetesters.com/html/app/code/core:/chroot/home/valuetes/valuetesters.com/html/lib:.:/usr/share/pear:/usr/share/php')  in /chroot/home/valuetes/valuetesters.com/html/lib/Varien/Autoload.php on line 93
2016-03-29T22:58:33+00:00 ERR (3): Warning: include(Redis.php): failed to open stream: No such file or directory  in /chroot/home/valuetes/valuetesters.com/html/lib/Varien/Autoload.php on line 93
2016-03-29T22:58:33+00:00 ERR (3): Warning: include(Redis.php): failed to open stream: No such file or directory  in /chroot/home/valuetes/valuetesters.com/html/lib/Varien/Autoload.php on line 93
2016-03-29T22:58:33+00:00 ERR (3): Warning: include(): Failed opening 'Redis.php' for inclusion (include_path='/chroot/home/valuetes/valuetesters.com/html/app/code/local:/chroot/home/valuetes/valuetesters.com/html/app/code/community:/chroot/home/valuetes/valuetesters.com/html/app/code/core:/chroot/home/valuetes/valuetesters.com/html/lib:.:/usr/share/pear:/usr/share/php')  in /chroot/home/valuetes/valuetesters.com/html/lib/Varien/Autoload.php on line 93
2016-03-29T22:58:33+00:00 CRIT (2): Not valid template file:frontend/base/default/template/seo/breadcrumbs.phtml
2016-03-29T22:58:35+00:00 ERR (3): Warning: include(Redis.php): failed to open stream: No such file or directory  in /chroot/home/valuetes/valuetesters.com/html/lib/Varien/Autoload.php on line 93
2016-03-29T22:58:35+00:00 ERR (3): Warning: include(Redis.php): failed to open stream: No such file or directory  in /chroot/home/valuetes/valuetesters.com/html/lib/Varien/Autoload.php on line 93
2016-03-29T22:58:35+00:00 ERR (3): Warning: include(): Failed opening 'Redis.php' for inclusion (include_path='/chroot/home/valuetes/valuetesters.com/html/app/code/local:/chroot/home/valuetes/valuetesters.com/html/app/code/community:/chroot/home/valuetes/valuetesters.com/html/app/code/core:/chroot/home/valuetes/valuetesters.com/html/lib:.:/usr/share/pear:/usr/share/php')  in /chroot/home/valuetes/valuetesters.com/html/lib/Varien/Autoload.php on line 93
2016-03-29T22:58:35+00:00 ERR (3): Warning: include(Redis.php): failed to open stream: No such file or directory  in /chroot/home/valuetes/valuetesters.com/html/lib/Varien/Autoload.php on line 93
2016-03-29T22:58:35+00:00 ERR (3): Warning: include(Redis.php): failed to open stream: No such file or directory  in /chroot/home/valuetes/valuetesters.com/html/lib/Varien/Autoload.php on line 93
2016-03-29T22:58:35+00:00 ERR (3): Warning: include(): Failed opening 'Redis.php' for inclusion (include_path='/chroot/home/valuetes/valuetesters.com/html/app/code/local:/chroot/home/valuetes/valuetesters.com/html/app/code/community:/chroot/home/valuetes/valuetesters.com/html/app/code/core:/chroot/home/valuetes/valuetesters.com/html/lib:.:/usr/share/pear:/usr/share/php')  in /chroot/home/valuetes/valuetesters.com/html/lib/Varien/Autoload.php on line 93
2016-03-29T22:58:36+00:00 CRIT (2): Not valid template file:frontend/base/default/template/seo/breadcrumbs.phtml
2016-03-29T22:58:37+00:00 ERR (3): Warning: include(Redis.php): failed to open stream: No such file or directory  in /chroot/home/valuetes/valuetesters.com/html/lib/Varien/Autoload.php on line 93
2016-03-29T22:58:37+00:00 ERR (3): Warning: include(Redis.php): failed to open stream: No such file or directory  in /chroot/home/valuetes/valuetesters.com/html/lib/Varien/Autoload.php on line 93
2016-03-29T22:58:37+00:00 ERR (3): Warning: include(): Failed opening 'Redis.php' for inclusion (include_path='/chroot/home/valuetes/valuetesters.com/html/app/code/local:/chroot/home/valuetes/valuetesters.com/html/app/code/community:/chroot/home/valuetes/valuetesters.com/html/app/code/core:/chroot/home/valuetes/valuetesters.com/html/lib:.:/usr/share/pear:/usr/share/php')  in /chroot/home/valuetes/valuetesters.com/html/lib/Varien/Autoload.php on line 93
2016-03-29T22:58:37+00:00 ERR (3): Warning: include(Redis.php): failed to open stream: No such file or directory  in /chroot/home/valuetes/valuetesters.com/html/lib/Varien/Autoload.php on line 93
2016-03-29T22:58:37+00:00 ERR (3): Warning: include(Redis.php): failed to open stream: No such file or directory  in /chroot/home/valuetes/valuetesters.com/html/lib/Varien/Autoload.php on line 93
2016-03-29T22:58:37+00:00 ERR (3): Warning: include(): Failed opening 'Redis.php' for inclusion (include_path='/chroot/home/valuetes/valuetesters.com/html/app/code/local:/chroot/home/valuetes/valuetesters.com/html/app/code/community:/chroot/home/valuetes/valuetesters.com/html/app/code/core:/chroot/home/valuetes/valuetesters.com/html/lib:.:/usr/share/pear:/usr/share/php')  in /chroot/home/valuetes/valuetesters.com/html/lib/Varien/Autoload.php on line 93
2016-03-29T22:58:38+00:00 ERR (3): Warning: include(Redis.php): failed to open stream: No such file or directory  in /chroot/home/valuetes/valuetesters.com/html/lib/Varien/Autoload.php on line 93
2016-03-29T22:58:38+00:00 ERR (3): Warning: include(Redis.php): failed to open stream: No such file or directory  in /chroot/home/valuetes/valuetesters.com/html/lib/Varien/Autoload.php on line 93
2016-03-29T22:58:38+00:00 ERR (3): Warning: include(): Failed opening 'Redis.php' for inclusion (include_path='/chroot/home/valuetes/valuetesters.com/html/app/code/local:/chroot/home/valuetes/valuetesters.com/html/app/code/community:/chroot/home/valuetes/valuetesters.com/html/app/code/core:/chroot/home/valuetes/valuetesters.com/html/lib:.:/usr/share/pear:/usr/share/php')  in /chroot/home/valuetes/valuetesters.com/html/lib/Varien/Autoload.php on line 93
2016-03-29T22:58:38+00:00 ERR (3): Warning: include(Redis.php): failed to open stream: No such file or directory  in /chroot/home/valuetes/valuetesters.com/html/lib/Varien/Autoload.php on line 93
2016-03-29T22:58:38+00:00 ERR (3): Warning: include(Redis.php): failed to open stream: No such file or directory  in /chroot/home/valuetes/valuetesters.com/html/lib/Varien/Autoload.php on line 93
2016-03-29T22:58:38+00:00 ERR (3): Warning: include(): Failed opening 'Redis.php' for inclusion (include_path='/chroot/home/valuetes/valuetesters.com/html/app/code/local:/chroot/home/valuetes/valuetesters.com/html/app/code/community:/chroot/home/valuetes/valuetesters.com/html/app/code/core:/chroot/home/valuetes/valuetesters.com/html/lib:.:/usr/share/pear:/usr/share/php')  in /chroot/home/valuetes/valuetesters.com/html/lib/Varien/Autoload.php on line 93
2016-03-29T22:58:38+00:00 ERR (3): Warning: include(Redis.php): failed to open stream: No such file or directory  in /chroot/home/valuetes/valuetesters.com/html/lib/Varien/Autoload.php on line 93
2016-03-29T22:58:38+00:00 ERR (3): Warning: include(Redis.php): failed to open stream: No such file or directory  in /chroot/home/valuetes/valuetesters.com/html/lib/Varien/Autoload.php on line 93
2016-03-29T22:58:38+00:00 ERR (3): Warning: include(): Failed opening 'Redis.php' for inclusion (include_path='/chroot/home/valuetes/valuetesters.com/html/app/code/local:/chroot/home/valuetes/valuetesters.com/html/app/code/community:/chroot/home/valuetes/valuetesters.com/html/app/code/core:/chroot/home/valuetes/valuetesters.com/html/lib:.:/usr/share/pear:/usr/share/php')  in /chroot/home/valuetes/valuetesters.com/html/lib/Varien/Autoload.php on line 93
2016-03-29T22:58:38+00:00 CRIT (2): Not valid template file:frontend/base/default/template/seo/breadcrumbs.phtml
2016-03-29T22:58:38+00:00 CRIT (2): Not valid template file:frontend/base/default/template/seo/breadcrumbs.phtml
2016-03-29T22:58:39+00:00 CRIT (2): Not valid template file:frontend/base/default/template/seo/breadcrumbs.phtml
2016-03-29T22:58:39+00:00 ERR (3): Warning: include(Redis.php): failed to open stream: No such file or directory  in /chroot/home/valuetes/valuetesters.com/html/lib/Varien/Autoload.php on line 93
2016-03-29T22:58:39+00:00 ERR (3): Warning: include(Redis.php): failed to open stream: No such file or directory  in /chroot/home/valuetes/valuetesters.com/html/lib/Varien/Autoload.php on line 93
2016-03-29T22:58:39+00:00 ERR (3): Warning: include(): Failed opening 'Redis.php' for inclusion (include_path='/chroot/home/valuetes/valuetesters.com/html/app/code/local:/chroot/home/valuetes/valuetesters.com/html/app/code/community:/chroot/home/valuetes/valuetesters.com/html/app/code/core:/chroot/home/valuetes/valuetesters.com/html/lib:.:/usr/share/pear:/usr/share/php')  in /chroot/home/valuetes/valuetesters.com/html/lib/Varien/Autoload.php on line 93
2016-03-29T22:58:39+00:00 CRIT (2): Not valid template file:frontend/base/default/template/seo/breadcrumbs.phtml
2016-03-29T22:58:40+00:00 ERR (3): Warning: include(Redis.php): failed to open stream: No such file or directory  in /chroot/home/valuetes/valuetesters.com/html/lib/Varien/Autoload.php on line 93
2016-03-29T22:58:40+00:00 ERR (3): Warning: include(Redis.php): failed to open stream: No such file or directory  in /chroot/home/valuetes/valuetesters.com/html/lib/Varien/Autoload.php on line 93
2016-03-29T22:58:40+00:00 ERR (3): Warning: include(): Failed opening 'Redis.php' for inclusion (include_path='/chroot/home/valuetes/valuetesters.com/html/app/code/local:/chroot/home/valuetes/valuetesters.com/html/app/code/community:/chroot/home/valuetes/valuetesters.com/html/app/code/core:/chroot/home/valuetes/valuetesters.com/html/lib:.:/usr/share/pear:/usr/share/php')  in /chroot/home/valuetes/valuetesters.com/html/lib/Varien/Autoload.php on line 93
2016-03-29T22:58:41+00:00 CRIT (2): Not valid template file:frontend/base/default/template/seo/breadcrumbs.phtml
2016-03-29T22:58:41+00:00 ERR (3): Warning: include(Redis.php): failed to open stream: No such file or directory  in /chroot/home/valuetes/valuetesters.com/html/lib/Varien/Autoload.php on line 93
2016-03-29T22:58:41+00:00 ERR (3): Warning: include(Redis.php): failed to open stream: No such file or directory  in /chroot/home/valuetes/valuetesters.com/html/lib/Varien/Autoload.php on line 93
2016-03-29T22:58:41+00:00 ERR (3): Warning: include(): Failed opening 'Redis.php' for inclusion (include_path='/chroot/home/valuetes/valuetesters.com/html/app/code/local:/chroot/home/valuetes/valuetesters.com/html/app/code/community:/chroot/home/valuetes/valuetesters.com/html/app/code/core:/chroot/home/valuetes/valuetesters.com/html/lib:.:/usr/share/pear:/usr/share/php')  in /chroot/home/valuetes/valuetesters.com/html/lib/Varien/Autoload.php on line 93
2016-03-29T22:58:41+00:00 ERR (3): Warning: include(Redis.php): failed to open stream: No such file or directory  in /chroot/home/valuetes/valuetesters.com/html/lib/Varien/Autoload.php on line 93
2016-03-29T22:58:41+00:00 ERR (3): Warning: include(Redis.php): failed to open stream: No such file or directory  in /chroot/home/valuetes/valuetesters.com/html/lib/Varien/Autoload.php on line 93
2016-03-29T22:58:41+00:00 ERR (3): Warning: include(): Failed opening 'Redis.php' for inclusion (include_path='/chroot/home/valuetes/valuetesters.com/html/app/code/local:/chroot/home/valuetes/valuetesters.com/html/app/code/community:/chroot/home/valuetes/valuetesters.com/html/app/code/core:/chroot/home/valuetes/valuetesters.com/html/lib:.:/usr/share/pear:/usr/share/php')  in /chroot/home/valuetes/valuetesters.com/html/lib/Varien/Autoload.php on line 93
2016-03-29T22:58:41+00:00 ERR (3): Warning: include(Redis.php): failed to open stream: No such file or directory  in /chroot/home/valuetes/valuetesters.com/html/lib/Varien/Autoload.php on line 93
2016-03-29T22:58:41+00:00 ERR (3): Warning: include(Redis.php): failed to open stream: No such file or directory  in /chroot/home/valuetes/valuetesters.com/html/lib/Varien/Autoload.php on line 93
2016-03-29T22:58:41+00:00 ERR (3): Warning: include(): Failed opening 'Redis.php' for inclusion (include_path='/chroot/home/valuetes/valuetesters.com/html/app/code/local:/chroot/home/valuetes/valuetesters.com/html/app/code/community:/chroot/home/valuetes/valuetesters.com/html/app/code/core:/chroot/home/valuetes/valuetesters.com/html/lib:.:/usr/share/pear:/usr/share/php')  in /chroot/home/valuetes/valuetesters.com/html/lib/Varien/Autoload.php on line 93
2016-03-29T22:58:41+00:00 ERR (3): Warning: include(Redis.php): failed to open stream: No such file or directory  in /chroot/home/valuetes/valuetesters.com/html/lib/Varien/Autoload.php on line 93
2016-03-29T22:58:41+00:00 ERR (3): Warning: include(Redis.php): failed to open stream: No such file or directory  in /chroot/home/valuetes/valuetesters.com/html/lib/Varien/Autoload.php on line 93
2016-03-29T22:58:41+00:00 ERR (3): Warning: include(): Failed opening 'Redis.php' for inclusion (include_path='/chroot/home/valuetes/valuetesters.com/html/app/code/local:/chroot/home/valuetes/valuetesters.com/html/app/code/community:/chroot/home/valuetes/valuetesters.com/html/app/code/core:/chroot/home/valuetes/valuetesters.com/html/lib:.:/usr/share/pear:/usr/share/php')  in /chroot/home/valuetes/valuetesters.com/html/lib/Varien/Autoload.php on line 93
2016-03-29T22:58:41+00:00 ERR (3): Warning: include(Redis.php): failed to open stream: No such file or directory  in /chroot/home/valuetes/valuetesters.com/html/lib/Varien/Autoload.php on line 93
2016-03-29T22:58:41+00:00 ERR (3): Warning: include(Redis.php): failed to open stream: No such file or directory  in /chroot/home/valuetes/valuetesters.com/html/lib/Varien/Autoload.php on line 93
2016-03-29T22:58:41+00:00 ERR (3): Warning: include(): Failed opening 'Redis.php' for inclusion (include_path='/chroot/home/valuetes/valuetesters.com/html/app/code/local:/chroot/home/valuetes/valuetesters.com/html/app/code/community:/chroot/home/valuetes/valuetesters.com/html/app/code/core:/chroot/home/valuetes/valuetesters.com/html/lib:.:/usr/share/pear:/usr/share/php')  in /chroot/home/valuetes/valuetesters.com/html/lib/Varien/Autoload.php on line 93
2016-03-29T22:58:42+00:00 CRIT (2): Not valid template file:frontend/base/default/template/seo/breadcrumbs.phtml
2016-03-29T22:58:42+00:00 CRIT (2): Not valid template file:frontend/base/default/template/seo/breadcrumbs.phtml
2016-03-29T22:58:42+00:00 ERR (3): Warning: include(Redis.php): failed to open stream: No such file or directory  in /chroot/home/valuetes/valuetesters.com/html/lib/Varien/Autoload.php on line 93
2016-03-29T22:58:42+00:00 ERR (3): Warning: include(Redis.php): failed to open stream: No such file or directory  in /chroot/home/valuetes/valuetesters.com/html/lib/Varien/Autoload.php on line 93
2016-03-29T22:58:42+00:00 ERR (3): Warning: include(): Failed opening 'Redis.php' for inclusion (include_path='/chroot/home/valuetes/valuetesters.com/html/app/code/local:/chroot/home/valuetes/valuetesters.com/html/app/code/community:/chroot/home/valuetes/valuetesters.com/html/app/code/core:/chroot/home/valuetes/valuetesters.com/html/lib:.:/usr/share/pear:/usr/share/php')  in /chroot/home/valuetes/valuetesters.com/html/lib/Varien/Autoload.php on line 93
2016-03-29T22:58:42+00:00 CRIT (2): Not valid template file:frontend/base/default/template/seo/breadcrumbs.phtml
2016-03-29T22:58:43+00:00 ERR (3): Warning: include(Redis.php): failed to open stream: No such file or directory  in /chroot/home/valuetes/valuetesters.com/html/lib/Varien/Autoload.php on line 93
2016-03-29T22:58:43+00:00 ERR (3): Warning: include(Redis.php): failed to open stream: No such file or directory  in /chroot/home/valuetes/valuetesters.com/html/lib/Varien/Autoload.php on line 93
2016-03-29T22:58:43+00:00 ERR (3): Warning: include(): Failed opening 'Redis.php' for inclusion (include_path='/chroot/home/valuetes/valuetesters.com/html/app/code/local:/chroot/home/valuetes/valuetesters.com/html/app/code/community:/chroot/home/valuetes/valuetesters.com/html/app/code/core:/chroot/home/valuetes/valuetesters.com/html/lib:.:/usr/share/pear:/usr/share/php')  in /chroot/home/valuetes/valuetesters.com/html/lib/Varien/Autoload.php on line 93
2016-03-29T22:58:43+00:00 CRIT (2): Not valid template file:frontend/base/default/template/seo/breadcrumbs.phtml
2016-03-29T22:58:44+00:00 ERR (3): Warning: include(Redis.php): failed to open stream: No such file or directory  in /chroot/home/valuetes/valuetesters.com/html/lib/Varien/Autoload.php on line 93
2016-03-29T22:58:44+00:00 ERR (3): Warning: include(Redis.php): failed to open stream: No such file or directory  in /chroot/home/valuetes/valuetesters.com/html/lib/Varien/Autoload.php on line 93
2016-03-29T22:58:44+00:00 ERR (3): Warning: include(): Failed opening 'Redis.php' for inclusion (include_path='/chroot/home/valuetes/valuetesters.com/html/app/code/local:/chroot/home/valuetes/valuetesters.com/html/app/code/community:/chroot/home/valuetes/valuetesters.com/html/app/code/core:/chroot/home/valuetes/valuetesters.com/html/lib:.:/usr/share/pear:/usr/share/php')  in /chroot/home/valuetes/valuetesters.com/html/lib/Varien/Autoload.php on line 93
2016-03-29T22:58:44+00:00 ERR (3): Warning: include(Redis.php): failed to open stream: No such file or directory  in /chroot/home/valuetes/valuetesters.com/html/lib/Varien/Autoload.php on line 93
2016-03-29T22:58:44+00:00 ERR (3): Warning: include(Redis.php): failed to open stream: No such file or directory  in /chroot/home/valuetes/valuetesters.com/html/lib/Varien/Autoload.php on line 93
2016-03-29T22:58:44+00:00 ERR (3): Warning: include(): Failed opening 'Redis.php' for inclusion (include_path='/chroot/home/valuetes/valuetesters.com/html/app/code/local:/chroot/home/valuetes/valuetesters.com/html/app/code/community:/chroot/home/valuetes/valuetesters.com/html/app/code/core:/chroot/home/valuetes/valuetesters.com/html/lib:.:/usr/share/pear:/usr/share/php')  in /chroot/home/valuetes/valuetesters.com/html/lib/Varien/Autoload.php on line 93
2016-03-29T22:58:45+00:00 CRIT (2): Not valid template file:frontend/base/default/template/seo/breadcrumbs.phtml
2016-03-29T22:58:45+00:00 ERR (3): Warning: include(Redis.php): failed to open stream: No such file or directory  in /chroot/home/valuetes/valuetesters.com/html/lib/Varien/Autoload.php on line 93
2016-03-29T22:58:45+00:00 ERR (3): Warning: include(Redis.php): failed to open stream: No such file or directory  in /chroot/home/valuetes/valuetesters.com/html/lib/Varien/Autoload.php on line 93
2016-03-29T22:58:45+00:00 ERR (3): Warning: include(): Failed opening 'Redis.php' for inclusion (include_path='/chroot/home/valuetes/valuetesters.com/html/app/code/local:/chroot/home/valuetes/valuetesters.com/html/app/code/community:/chroot/home/valuetes/valuetesters.com/html/app/code/core:/chroot/home/valuetes/valuetesters.com/html/lib:.:/usr/share/pear:/usr/share/php')  in /chroot/home/valuetes/valuetesters.com/html/lib/Varien/Autoload.php on line 93
2016-03-29T22:58:45+00:00 ERR (3): Warning: include(Redis.php): failed to open stream: No such file or directory  in /chroot/home/valuetes/valuetesters.com/html/lib/Varien/Autoload.php on line 93
2016-03-29T22:58:45+00:00 ERR (3): Warning: include(Redis.php): failed to open stream: No such file or directory  in /chroot/home/valuetes/valuetesters.com/html/lib/Varien/Autoload.php on line 93
2016-03-29T22:58:45+00:00 ERR (3): Warning: include(): Failed opening 'Redis.php' for inclusion (include_path='/chroot/home/valuetes/valuetesters.com/html/app/code/local:/chroot/home/valuetes/valuetesters.com/html/app/code/community:/chroot/home/valuetes/valuetesters.com/html/app/code/core:/chroot/home/valuetes/valuetesters.com/html/lib:.:/usr/share/pear:/usr/share/php')  in /chroot/home/valuetes/valuetesters.com/html/lib/Varien/Autoload.php on line 93
